<?xml version="1.0" encoding="UTF-8"?>
<!-- Generated by org.testng.reporters.JUnitReportReporter -->
<testsuite skipped="0" hostname="SOURISH-PC" name="com.packt.tests.RegistrationTest" tests="1" failures="0" timestamp="2023-02-14T18:00:39 IST" time="27.666" errors="0">
  <testcase name="registrationTest" time="27.666" classname="com.packt.tests.RegistrationTest"/>
  <system-out/>
</testsuite> <!-- com.packt.tests.RegistrationTest -->
