<?xml version="1.0" encoding="UTF-8"?>
<!-- Generated by org.testng.reporters.JUnitReportReporter -->
<testsuite hostname="SOURISH-PC" name="com.packt.tests.LoginTest" tests="1" failures="0" timestamp="13 Feb 2023 17:32:13 GMT" time="11.515" errors="0">
  <testcase name="loginTest" time="11.515" classname="com.packt.tests.LoginTest"/>
</testsuite> <!-- com.packt.tests.LoginTest -->
